# JRE version: Java(TM) SE Runtime Environment (8.0_77-b03) (build 1.8.0_77-b03)
# Java VM: Java HotSpot(TM) 64-Bit Server VM (25.77-b03 mixed mode linux-amd64 compressed oops)
Heap:
 PSYoungGen      total 169472K, used 8196K [0x00000000eab00000, 0x00000000f6000000, 0x0000000100000000)
  eden space 158720K, 0% used [0x00000000eab00000,0x00000000eab00000,0x00000000f4600000)
  from space 10752K, 76% used [0x00000000f4600000,0x00000000f4e01040,0x00000000f5080000)
  to   space 10752K, 0% used [0x00000000f5080000,0x00000000f5080000,0x00000000f5b00000)
 ParOldGen       total 32768K, used 22479K [0x00000000c0000000, 0x00000000c2000000, 0x00000000eab00000)
  object space 32768K, 68% used [0x00000000c0000000,0x00000000c15f3db0,0x00000000c2000000)
 Metaspace       used 28792K, capacity 29952K, committed 30080K, reserved 1075200K
  class space    used 3734K, capacity 4133K, committed 4224K, reserved 1048576K
GC Heap History (10 events):
Event: 11,753 GC heap after
Heap after GC invocations=9 (full 1):
 PSYoungGen      total 96768K, used 1168K [0x00000000eab00000, 0x00000000f1280000, 0x0000000100000000)
  eden space 91648K, 0% used [0x00000000eab00000,0x00000000eab00000,0x00000000f0480000)
  from space 5120K, 22% used [0x00000000f0d80000,0x00000000f0ea4030,0x00000000f1280000)
  to   space 7168K, 0% used [0x00000000f0480000,0x00000000f0480000,0x00000000f0b80000)
 ParOldGen       total 32768K, used 14563K [0x00000000c0000000, 0x00000000c2000000, 0x00000000eab00000)
  object space 32768K, 44% used [0x00000000c0000000,0x00000000c0e38f88,0x00000000c2000000)
 Metaspace       used 21149K, capacity 21582K, committed 21760K, reserved 1069056K
  class space    used 2866K, capacity 3023K, committed 3072K, reserved 1048576K
}
Event: 13,761 GC heap before
{Heap before GC invocations=10 (full 1):
 PSYoungGen      total 96768K, used 92816K [0x00000000eab00000, 0x00000000f1280000, 0x0000000100000000)
  eden space 91648K, 100% used [0x00000000eab00000,0x00000000f0480000,0x00000000f0480000)
  from space 5120K, 22% used [0x00000000f0d80000,0x00000000f0ea4030,0x00000000f1280000)
  to   space 7168K, 0% used [0x00000000f0480000,0x00000000f0480000,0x00000000f0b80000)
 ParOldGen       total 32768K, used 14563K [0x00000000c0000000, 0x00000000c2000000, 0x00000000eab00000)
  object space 32768K, 44% used [0x00000000c0000000,0x00000000c0e38f88,0x00000000c2000000)
 Metaspace       used 21157K, capacity 21582K, committed 21760K, reserved 1069056K
  class space    used 2866K, capacity 3023K, committed 3072K, reserved 1048576K
Event: 13,816 GC heap after
Heap after GC invocations=10 (full 1):
 PSYoungGen      total 98816K, used 1360K [0x00000000eab00000, 0x00000000f2d00000, 0x0000000100000000)
  eden space 91648K, 0% used [0x00000000eab00000,0x00000000eab00000,0x00000000f0480000)
  from space 7168K, 18% used [0x00000000f0480000,0x00000000f05d4030,0x00000000f0b80000)
  to   space 7168K, 0% used [0x00000000f2600000,0x00000000f2600000,0x00000000f2d00000)
 ParOldGen       total 32768K, used 14563K [0x00000000c0000000, 0x00000000c2000000, 0x00000000eab00000)
  object space 32768K, 44% used [0x00000000c0000000,0x00000000c0e38f88,0x00000000c2000000)
 Metaspace       used 21157K, capacity 21582K, committed 21760K, reserved 1069056K
  class space    used 2866K, capacity 3023K, committed 3072K, reserved 1048576K
}
Event: 15,409 GC heap before
{Heap before GC invocations=11 (full 1):
 PSYoungGen      total 98816K, used 93008K [0x00000000eab00000, 0x00000000f2d00000, 0x0000000100000000)
  eden space 91648K, 100% used [0x00000000eab00000,0x00000000f0480000,0x00000000f0480000)
  from space 7168K, 18% used [0x00000000f0480000,0x00000000f05d4030,0x00000000f0b80000)
  to   space 7168K, 0% used [0x00000000f2600000,0x00000000f2600000,0x00000000f2d00000)
 ParOldGen       total 32768K, used 14563K [0x00000000c0000000, 0x00000000c2000000, 0x00000000eab00000)
  object space 32768K, 44% used [0x00000000c0000000,0x00000000c0e38f88,0x00000000c2000000)
 Metaspace       used 21175K, capacity 21582K, committed 21760K, reserved 1069056K
  class space    used 2867K, capacity 3023K, committed 3072K, reserved 1048576K
Event: 15,456 GC heap after
Heap after GC invocations=11 (full 1):
 PSYoungGen      total 126464K, used 1888K [0x00000000eab00000, 0x00000000f2e00000, 0x0000000100000000)
  eden space 119296K, 0% used [0x00000000eab00000,0x00000000eab00000,0x00000000f1f80000)
  from space 7168K, 26% used [0x00000000f2600000,0x00000000f27d8040,0x00000000f2d00000)
  to   space 6656K, 0% used [0x00000000f1f80000,0x00000000f1f80000,0x00000000f2600000)
 ParOldGen       total 32768K, used 14563K [0x00000000c0000000, 0x00000000c2000000, 0x00000000eab00000)
  object space 32768K, 44% used [0x00000000c0000000,0x00000000c0e38f88,0x00000000c2000000)
 Metaspace       used 21175K, capacity 21582K, committed 21760K, reserved 1069056K
  class space    used 2867K, capacity 3023K, committed 3072K, reserved 1048576K
}
Event: 32,809 GC heap before
{Heap before GC invocations=12 (full 1):
 PSYoungGen      total 126464K, used 121184K [0x00000000eab00000, 0x00000000f2e00000, 0x0000000100000000)
  eden space 119296K, 100% used [0x00000000eab00000,0x00000000f1f80000,0x00000000f1f80000)
  from space 7168K, 26% used [0x00000000f2600000,0x00000000f27d8040,0x00000000f2d00000)
  to   space 6656K, 0% used [0x00000000f1f80000,0x00000000f1f80000,0x00000000f2600000)
 ParOldGen       total 32768K, used 14563K [0x00000000c0000000, 0x00000000c2000000, 0x00000000eab00000)
  object space 32768K, 44% used [0x00000000c0000000,0x00000000c0e38f88,0x00000000c2000000)
 Metaspace       used 28314K, capacity 29276K, committed 29440K, reserved 1075200K
  class space    used 3716K, capacity 4065K, committed 4096K, reserved 1048576K
Event: 33,215 GC heap after
Heap after GC invocations=12 (full 1):
 PSYoungGen      total 125952K, used 6628K [0x00000000eab00000, 0x00000000f5b00000, 0x0000000100000000)
  eden space 119296K, 0% used [0x00000000eab00000,0x00000000eab00000,0x00000000f1f80000)
  from space 6656K, 99% used [0x00000000f1f80000,0x00000000f25f9050,0x00000000f2600000)
  to   space 10752K, 0% used [0x00000000f5080000,0x00000000f5080000,0x00000000f5b00000)
 ParOldGen       total 32768K, used 21527K [0x00000000c0000000, 0x00000000c2000000, 0x00000000eab00000)
  object space 32768K, 65% used [0x00000000c0000000,0x00000000c1505d80,0x00000000c2000000)
 Metaspace       used 28314K, capacity 29276K, committed 29440K, reserved 1075200K
  class space    used 3716K, capacity 4065K, committed 4096K, reserved 1048576K
}
Event: 36,032 GC heap before
{Heap before GC invocations=13 (full 1):
 PSYoungGen      total 125952K, used 125924K [0x00000000eab00000, 0x00000000f5b00000, 0x0000000100000000)
  eden space 119296K, 100% used [0x00000000eab00000,0x00000000f1f80000,0x00000000f1f80000)
  from space 6656K, 99% used [0x00000000f1f80000,0x00000000f25f9050,0x00000000f2600000)
  to   space 10752K, 0% used [0x00000000f5080000,0x00000000f5080000,0x00000000f5b00000)
 ParOldGen       total 32768K, used 21527K [0x00000000c0000000, 0x00000000c2000000, 0x00000000eab00000)
  object space 32768K, 65% used [0x00000000c0000000,0x00000000c1505d80,0x00000000c2000000)
 Metaspace       used 28412K, capacity 29404K, committed 29696K, reserved 1075200K
  class space    used 3719K, capacity 4065K, committed 4096K, reserved 1048576K
Event: 36,162 GC heap after
Heap after GC invocations=13 (full 1):
 PSYoungGen      total 169472K, used 6740K [0x00000000eab00000, 0x00000000f6000000, 0x0000000100000000)
  eden space 158720K, 0% used [0x00000000eab00000,0x00000000eab00000,0x00000000f4600000)
  from space 10752K, 62% used [0x00000000f5080000,0x00000000f5715030,0x00000000f5b00000)
  to   space 10752K, 0% used [0x00000000f4600000,0x00000000f4600000,0x00000000f5080000)
 ParOldGen       total 32768K, used 22007K [0x00000000c0000000, 0x00000000c2000000, 0x00000000eab00000)
  object space 32768K, 67% used [0x00000000c0000000,0x00000000c157ddb0,0x00000000c2000000)
 Metaspace       used 28412K, capacity 29404K, committed 29696K, reserved 1075200K
  class space    used 3719K, capacity 4065K, committed 4096K, reserved 1048576K
}
Event: 39,977 GC heap before
{Heap before GC invocations=14 (full 1):
 PSYoungGen      total 169472K, used 165460K [0x00000000eab00000, 0x00000000f6000000, 0x0000000100000000)
  eden space 158720K, 100% used [0x00000000eab00000,0x00000000f4600000,0x00000000f4600000)
  from space 10752K, 62% used [0x00000000f5080000,0x00000000f5715030,0x00000000f5b00000)
  to   space 10752K, 0% used [0x00000000f4600000,0x00000000f4600000,0x00000000f5080000)
 ParOldGen       total 32768K, used 22007K [0x00000000c0000000, 0x00000000c2000000, 0x00000000eab00000)
  object space 32768K, 67% used [0x00000000c0000000,0x00000000c157ddb0,0x00000000c2000000)
 Metaspace       used 28792K, capacity 29952K, committed 30080K, reserved 1075200K
  class space    used 3734K, capacity 4133K, committed 4224K, reserved 1048576K

