# JRE version: Java(TM) SE Runtime Environment (8.0_77-b03) (build 1.8.0_77-b03)
# Java VM: Java HotSpot(TM) 64-Bit Server VM (25.77-b03 mixed mode linux-amd64 compressed oops)
Heap:
 PSYoungGen      total 36864K, used 4088K [0x00000000eab00000, 0x00000000ed300000, 0x0000000100000000)
  eden space 32768K, 0% used [0x00000000eab00000,0x00000000eab00000,0x00000000ecb00000)
  from space 4096K, 99% used [0x00000000ecb00000,0x00000000ecefe240,0x00000000ecf00000)
  to   space 4096K, 0% used [0x00000000ecf00000,0x00000000ecf00000,0x00000000ed300000)
 ParOldGen       total 20480K, used 15007K [0x00000000c0000000, 0x00000000c1400000, 0x00000000eab00000)
  object space 20480K, 73% used [0x00000000c0000000,0x00000000c0ea7d60,0x00000000c1400000)
 Metaspace       used 5931K, capacity 6896K, committed 7040K, reserved 1056768K
  class space    used 594K, capacity 616K, committed 640K, reserved 1048576K
GC Heap History (10 events):
Event: 1,359 GC heap after
Heap after GC invocations=2 (full 0):
 PSYoungGen      total 9216K, used 1009K [0x00000000eab00000, 0x00000000ebd00000, 0x0000000100000000)
  eden space 8192K, 0% used [0x00000000eab00000,0x00000000eab00000,0x00000000eb300000)
  from space 1024K, 98% used [0x00000000eb400000,0x00000000eb4fc780,0x00000000eb500000)
  to   space 1024K, 0% used [0x00000000eb300000,0x00000000eb300000,0x00000000eb400000)
 ParOldGen       total 20480K, used 3625K [0x00000000c0000000, 0x00000000c1400000, 0x00000000eab00000)
  object space 20480K, 17% used [0x00000000c0000000,0x00000000c038a5a8,0x00000000c1400000)
 Metaspace       used 5384K, capacity 6640K, committed 6784K, reserved 1056768K
  class space    used 563K, capacity 616K, committed 640K, reserved 1048576K
}
Event: 1,739 GC heap before
{Heap before GC invocations=3 (full 0):
 PSYoungGen      total 9216K, used 9201K [0x00000000eab00000, 0x00000000ebd00000, 0x0000000100000000)
  eden space 8192K, 100% used [0x00000000eab00000,0x00000000eb300000,0x00000000eb300000)
  from space 1024K, 98% used [0x00000000eb400000,0x00000000eb4fc780,0x00000000eb500000)
  to   space 1024K, 0% used [0x00000000eb300000,0x00000000eb300000,0x00000000eb400000)
 ParOldGen       total 20480K, used 3625K [0x00000000c0000000, 0x00000000c1400000, 0x00000000eab00000)
  object space 20480K, 17% used [0x00000000c0000000,0x00000000c038a5a8,0x00000000c1400000)
 Metaspace       used 5494K, capacity 6704K, committed 6784K, reserved 1056768K
  class space    used 568K, capacity 616K, committed 640K, reserved 1048576K
Event: 1,756 GC heap after
Heap after GC invocations=3 (full 0):
 PSYoungGen      total 9216K, used 1012K [0x00000000eab00000, 0x00000000ebd00000, 0x0000000100000000)
  eden space 8192K, 0% used [0x00000000eab00000,0x00000000eab00000,0x00000000eb300000)
  from space 1024K, 98% used [0x00000000eb300000,0x00000000eb3fd000,0x00000000eb400000)
  to   space 1024K, 0% used [0x00000000ebc00000,0x00000000ebc00000,0x00000000ebd00000)
 ParOldGen       total 20480K, used 5570K [0x00000000c0000000, 0x00000000c1400000, 0x00000000eab00000)
  object space 20480K, 27% used [0x00000000c0000000,0x00000000c0570a80,0x00000000c1400000)
 Metaspace       used 5494K, capacity 6704K, committed 6784K, reserved 1056768K
  class space    used 568K, capacity 616K, committed 640K, reserved 1048576K
}
Event: 1,996 GC heap before
{Heap before GC invocations=4 (full 0):
 PSYoungGen      total 9216K, used 9204K [0x00000000eab00000, 0x00000000ebd00000, 0x0000000100000000)
  eden space 8192K, 100% used [0x00000000eab00000,0x00000000eb300000,0x00000000eb300000)
  from space 1024K, 98% used [0x00000000eb300000,0x00000000eb3fd000,0x00000000eb400000)
  to   space 1024K, 0% used [0x00000000ebc00000,0x00000000ebc00000,0x00000000ebd00000)
 ParOldGen       total 20480K, used 5570K [0x00000000c0000000, 0x00000000c1400000, 0x00000000eab00000)
  object space 20480K, 27% used [0x00000000c0000000,0x00000000c0570a80,0x00000000c1400000)
 Metaspace       used 5535K, capacity 6704K, committed 6784K, reserved 1056768K
  class space    used 569K, capacity 616K, committed 640K, reserved 1048576K
Event: 2,008 GC heap after
Heap after GC invocations=4 (full 0):
 PSYoungGen      total 17408K, used 1024K [0x00000000eab00000, 0x00000000ebd00000, 0x0000000100000000)
  eden space 16384K, 0% used [0x00000000eab00000,0x00000000eab00000,0x00000000ebb00000)
  from space 1024K, 100% used [0x00000000ebc00000,0x00000000ebd00000,0x00000000ebd00000)
  to   space 1024K, 0% used [0x00000000ebb00000,0x00000000ebb00000,0x00000000ebc00000)
 ParOldGen       total 20480K, used 6881K [0x00000000c0000000, 0x00000000c1400000, 0x00000000eab00000)
  object space 20480K, 33% used [0x00000000c0000000,0x00000000c06b8468,0x00000000c1400000)
 Metaspace       used 5535K, capacity 6704K, committed 6784K, reserved 1056768K
  class space    used 569K, capacity 616K, committed 640K, reserved 1048576K
}
Event: 2,311 GC heap before
{Heap before GC invocations=5 (full 0):
 PSYoungGen      total 17408K, used 17408K [0x00000000eab00000, 0x00000000ebd00000, 0x0000000100000000)
  eden space 16384K, 100% used [0x00000000eab00000,0x00000000ebb00000,0x00000000ebb00000)
  from space 1024K, 100% used [0x00000000ebc00000,0x00000000ebd00000,0x00000000ebd00000)
  to   space 1024K, 0% used [0x00000000ebb00000,0x00000000ebb00000,0x00000000ebc00000)
 ParOldGen       total 20480K, used 6881K [0x00000000c0000000, 0x00000000c1400000, 0x00000000eab00000)
  object space 20480K, 33% used [0x00000000c0000000,0x00000000c06b8468,0x00000000c1400000)
 Metaspace       used 5607K, capacity 6768K, committed 7040K, reserved 1056768K
  class space    used 569K, capacity 616K, committed 640K, reserved 1048576K
Event: 2,341 GC heap after
Heap after GC invocations=5 (full 0):
 PSYoungGen      total 17408K, used 992K [0x00000000eab00000, 0x00000000ed300000, 0x0000000100000000)
  eden space 16384K, 0% used [0x00000000eab00000,0x00000000eab00000,0x00000000ebb00000)
  from space 1024K, 96% used [0x00000000ebb00000,0x00000000ebbf8010,0x00000000ebc00000)
  to   space 4096K, 0% used [0x00000000ecf00000,0x00000000ecf00000,0x00000000ed300000)
 ParOldGen       total 20480K, used 9580K [0x00000000c0000000, 0x00000000c1400000, 0x00000000eab00000)
  object space 20480K, 46% used [0x00000000c0000000,0x00000000c095b298,0x00000000c1400000)
 Metaspace       used 5607K, capacity 6768K, committed 7040K, reserved 1056768K
  class space    used 569K, capacity 616K, committed 640K, reserved 1048576K
}
Event: 2,619 GC heap before
{Heap before GC invocations=6 (full 0):
 PSYoungGen      total 17408K, used 17376K [0x00000000eab00000, 0x00000000ed300000, 0x0000000100000000)
  eden space 16384K, 100% used [0x00000000eab00000,0x00000000ebb00000,0x00000000ebb00000)
  from space 1024K, 96% used [0x00000000ebb00000,0x00000000ebbf8010,0x00000000ebc00000)
  to   space 4096K, 0% used [0x00000000ecf00000,0x00000000ecf00000,0x00000000ed300000)
 ParOldGen       total 20480K, used 9580K [0x00000000c0000000, 0x00000000c1400000, 0x00000000eab00000)
  object space 20480K, 46% used [0x00000000c0000000,0x00000000c095b298,0x00000000c1400000)
 Metaspace       used 5695K, capacity 6896K, committed 7040K, reserved 1056768K
  class space    used 576K, capacity 616K, committed 640K, reserved 1048576K
Event: 2,645 GC heap after
Heap after GC invocations=6 (full 0):
 PSYoungGen      total 36864K, used 3712K [0x00000000eab00000, 0x00000000ed300000, 0x0000000100000000)
  eden space 32768K, 0% used [0x00000000eab00000,0x00000000eab00000,0x00000000ecb00000)
  from space 4096K, 90% used [0x00000000ecf00000,0x00000000ed2a0010,0x00000000ed300000)
  to   space 4096K, 0% used [0x00000000ecb00000,0x00000000ecb00000,0x00000000ecf00000)
 ParOldGen       total 20480K, used 9580K [0x00000000c0000000, 0x00000000c1400000, 0x00000000eab00000)
  object space 20480K, 46% used [0x00000000c0000000,0x00000000c095b298,0x00000000c1400000)
 Metaspace       used 5695K, capacity 6896K, committed 7040K, reserved 1056768K
  class space    used 576K, capacity 616K, committed 640K, reserved 1048576K
}
Event: 3,179 GC heap before
{Heap before GC invocations=7 (full 0):
 PSYoungGen      total 36864K, used 36307K [0x00000000eab00000, 0x00000000ed300000, 0x0000000100000000)
  eden space 32768K, 99% used [0x00000000eab00000,0x00000000ecad4df0,0x00000000ecb00000)
  from space 4096K, 90% used [0x00000000ecf00000,0x00000000ed2a0010,0x00000000ed300000)
  to   space 4096K, 0% used [0x00000000ecb00000,0x00000000ecb00000,0x00000000ecf00000)
 ParOldGen       total 20480K, used 9580K [0x00000000c0000000, 0x00000000c1400000, 0x00000000eab00000)
  object space 20480K, 46% used [0x00000000c0000000,0x00000000c095b298,0x00000000c1400000)
 Metaspace       used 5931K, capacity 6896K, committed 7040K, reserved 1056768K
  class space    used 594K, capacity 616K, committed 640K, reserved 1048576K

